Построение начато 02.11.2012 20:07:25.
     1>Проект "C:\Documents and Settings\User\My documents\Visual Studio 2010\Projects\Sydor_Task9\Sydor_Task9\Sydor_Task9.vcxproj" в узле 2 (целевые объекты build).
     1>InitializeBuildStatus:
         Создание "Debug\Sydor_Task9.unsuccessfulbuild", так как было задано "AlwaysCreate".
       ClCompile:
         Для всех выходных данных обновления не требуется.
         C:\Program Files\Microsoft Visual Studio 10.0\VC\bin\CL.exe /c /ZI /nologo /W3 /WX- /Od /Oy- /D WIN32 /D _DEBUG /D _CONSOLE /D _UNICODE /D UNICODE /Gm /EHsc /RTC1 /MDd /GS /fp:precise /Zc:wchar_t /Zc:forScope /Yu"StdAfx.h" /Fp"Debug\Sydor_Task9.pch" /Fo"Debug\\" /Fd"Debug\vc100.pdb" /Gd /TP /analyze- /errorReport:prompt Sydor_Task9.cpp
         Sydor_Task9.cpp
     1>c:\documents and settings\user\my documents\visual studio 2010\projects\sydor_task9\sydor_task9\sydor_task9.cpp(29): warning C4996: 'getch': The POSIX name for this item is deprecated. Instead, use the ISO C++ conformant name: _getch. See online help for details.
                 c:\program files\microsoft visual studio 10.0\vc\include\conio.h(128): см. объявление "getch"
     1>c:\documents and settings\user\my documents\visual studio 2010\projects\sydor_task9\sydor_task9\sydor_task9.cpp(50): warning C4996: 'scanf': This function or variable may be unsafe. Consider using scanf_s instead. To disable deprecation, use _CRT_SECURE_NO_WARNINGS. See online help for details.
                 c:\program files\microsoft visual studio 10.0\vc\include\stdio.h(304): см. объявление "scanf"
       ManifestResourceCompile:
         Для всех выходных данных обновления не требуется.
       Link:
         C:\Program Files\Microsoft Visual Studio 10.0\VC\bin\link.exe /ERRORREPORT:PROMPT /OUT:"C:\Documents and Settings\User\My documents\Visual Studio 2010\Projects\Sydor_Task9\Debug\Sydor_Task9.exe" /INCREMENTAL /NOLOGO kernel32.lib user32.lib gdi32.lib winspool.lib comdlg32.lib advapi32.lib shell32.lib ole32.lib oleaut32.lib uuid.lib odbc32.lib odbccp32.lib /MANIFEST /ManifestFile:"Debug\Sydor_Task9.exe.intermediate.manifest" /MANIFESTUAC:"level='asInvoker' uiAccess='false'" /DEBUG /PDB:"C:\Documents and Settings\User\My documents\Visual Studio 2010\Projects\Sydor_Task9\Debug\Sydor_Task9.pdb" /SUBSYSTEM:CONSOLE /TLBID:1 /DYNAMICBASE /NXCOMPAT /IMPLIB:"C:\Documents and Settings\User\My documents\Visual Studio 2010\Projects\Sydor_Task9\Debug\Sydor_Task9.lib" /MACHINE:X86 Debug\Sydor_Task9.exe.embed.manifest.res
         Debug\stdafx.obj
         Debug\Sydor_Task9.obj
       Manifest:
         C:\Program Files\Microsoft SDKs\Windows\v7.0A\bin\mt.exe /nologo /verbose /out:"Debug\Sydor_Task9.exe.embed.manifest" /manifest Debug\Sydor_Task9.exe.intermediate.manifest
         Для всех выходных данных обновления не требуется.
       LinkEmbedManifest:
         Для всех выходных данных обновления не требуется.
         Sydor_Task9.vcxproj -> C:\Documents and Settings\User\My documents\Visual Studio 2010\Projects\Sydor_Task9\Debug\Sydor_Task9.exe
       FinalizeBuildStatus:
         Файл "Debug\Sydor_Task9.unsuccessfulbuild" удаляется.
         Обращение к "Debug\Sydor_Task9.lastbuildstate".
     1>Построение проекта "C:\Documents and Settings\User\My documents\Visual Studio 2010\Projects\Sydor_Task9\Sydor_Task9\Sydor_Task9.vcxproj" завершено (целевые объекты build).

Построение успешно завершено.

Затраченное время: 00:00:02.21
