C:\DOCUMENTS AND SETTINGS\USER\MY DOCUMENTS\VISUAL STUDIO 2010\PROJECTS\SYDOR_TASK6\DEBUG\SYDOR_TASK6.EXE
C:\DOCUMENTS AND SETTINGS\USER\MY DOCUMENTS\VISUAL STUDIO 2010\PROJECTS\SYDOR_TASK6\DEBUG\SYDOR_TASK6.ILK
C:\DOCUMENTS AND SETTINGS\USER\MY DOCUMENTS\VISUAL STUDIO 2010\PROJECTS\SYDOR_TASK6\DEBUG\SYDOR_TASK6.PDB
C:\Documents and Settings\User\My documents\Visual Studio 2010\Projects\Sydor_task6\Sydor_task6\Debug\cl.command.1.tlog
C:\Documents and Settings\User\My documents\Visual Studio 2010\Projects\Sydor_task6\Sydor_task6\Debug\CL.read.1.tlog
C:\Documents and Settings\User\My documents\Visual Studio 2010\Projects\Sydor_task6\Sydor_task6\Debug\CL.write.1.tlog
C:\Documents and Settings\User\My documents\Visual Studio 2010\Projects\Sydor_task6\Sydor_task6\Debug\link.140.read.1.tlog
C:\Documents and Settings\User\My documents\Visual Studio 2010\Projects\Sydor_task6\Sydor_task6\Debug\link.140.write.1.tlog
C:\Documents and Settings\User\My documents\Visual Studio 2010\Projects\Sydor_task6\Sydor_task6\Debug\link.140-cvtres.read.1.tlog
C:\Documents and Settings\User\My documents\Visual Studio 2010\Projects\Sydor_task6\Sydor_task6\Debug\link.140-cvtres.write.1.tlog
C:\Documents and Settings\User\My documents\Visual Studio 2010\Projects\Sydor_task6\Sydor_task6\Debug\link.1832.read.1.tlog
C:\Documents and Settings\User\My documents\Visual Studio 2010\Projects\Sydor_task6\Sydor_task6\Debug\link.1832.write.1.tlog
C:\Documents and Settings\User\My documents\Visual Studio 2010\Projects\Sydor_task6\Sydor_task6\Debug\link.1832-cvtres.read.1.tlog
C:\Documents and Settings\User\My documents\Visual Studio 2010\Projects\Sydor_task6\Sydor_task6\Debug\link.1832-cvtres.write.1.tlog
C:\Documents and Settings\User\My documents\Visual Studio 2010\Projects\Sydor_task6\Sydor_task6\Debug\link.2416.read.1.tlog
C:\Documents and Settings\User\My documents\Visual Studio 2010\Projects\Sydor_task6\Sydor_task6\Debug\link.2416.write.1.tlog
C:\Documents and Settings\User\My documents\Visual Studio 2010\Projects\Sydor_task6\Sydor_task6\Debug\link.2416-cvtres.read.1.tlog
C:\Documents and Settings\User\My documents\Visual Studio 2010\Projects\Sydor_task6\Sydor_task6\Debug\link.2416-cvtres.write.1.tlog
C:\Documents and Settings\User\My documents\Visual Studio 2010\Projects\Sydor_task6\Sydor_task6\Debug\link.2576.read.1.tlog
C:\Documents and Settings\User\My documents\Visual Studio 2010\Projects\Sydor_task6\Sydor_task6\Debug\link.2576.write.1.tlog
C:\Documents and Settings\User\My documents\Visual Studio 2010\Projects\Sydor_task6\Sydor_task6\Debug\link.2576-cvtres.read.1.tlog
C:\Documents and Settings\User\My documents\Visual Studio 2010\Projects\Sydor_task6\Sydor_task6\Debug\link.2576-cvtres.write.1.tlog
C:\Documents and Settings\User\My documents\Visual Studio 2010\Projects\Sydor_task6\Sydor_task6\Debug\link.3980.read.1.tlog
C:\Documents and Settings\User\My documents\Visual Studio 2010\Projects\Sydor_task6\Sydor_task6\Debug\link.3980.write.1.tlog
C:\Documents and Settings\User\My documents\Visual Studio 2010\Projects\Sydor_task6\Sydor_task6\Debug\link.3980-cvtres.read.1.tlog
C:\Documents and Settings\User\My documents\Visual Studio 2010\Projects\Sydor_task6\Sydor_task6\Debug\link.3980-cvtres.write.1.tlog
C:\Documents and Settings\User\My documents\Visual Studio 2010\Projects\Sydor_task6\Sydor_task6\Debug\link.4004.read.1.tlog
C:\Documents and Settings\User\My documents\Visual Studio 2010\Projects\Sydor_task6\Sydor_task6\Debug\link.4004.write.1.tlog
C:\Documents and Settings\User\My documents\Visual Studio 2010\Projects\Sydor_task6\Sydor_task6\Debug\link.4004-cvtres.read.1.tlog
C:\Documents and Settings\User\My documents\Visual Studio 2010\Projects\Sydor_task6\Sydor_task6\Debug\link.4004-cvtres.write.1.tlog
C:\Documents and Settings\User\My documents\Visual Studio 2010\Projects\Sydor_task6\Sydor_task6\Debug\link.4044.read.1.tlog
C:\Documents and Settings\User\My documents\Visual Studio 2010\Projects\Sydor_task6\Sydor_task6\Debug\link.4044.write.1.tlog
C:\Documents and Settings\User\My documents\Visual Studio 2010\Projects\Sydor_task6\Sydor_task6\Debug\link.4044-cvtres.read.1.tlog
C:\Documents and Settings\User\My documents\Visual Studio 2010\Projects\Sydor_task6\Sydor_task6\Debug\link.4044-cvtres.write.1.tlog
C:\Documents and Settings\User\My documents\Visual Studio 2010\Projects\Sydor_task6\Sydor_task6\Debug\link.command.1.tlog
C:\Documents and Settings\User\My documents\Visual Studio 2010\Projects\Sydor_task6\Sydor_task6\Debug\link.read.1.tlog
C:\Documents and Settings\User\My documents\Visual Studio 2010\Projects\Sydor_task6\Sydor_task6\Debug\link.write.1.tlog
C:\Documents and Settings\User\My documents\Visual Studio 2010\Projects\Sydor_task6\Sydor_task6\Debug\link-cvtres.read.1.tlog
C:\Documents and Settings\User\My documents\Visual Studio 2010\Projects\Sydor_task6\Sydor_task6\Debug\link-cvtres.write.1.tlog
C:\DOCUMENTS AND SETTINGS\USER\MY DOCUMENTS\VISUAL STUDIO 2010\PROJECTS\SYDOR_TASK6\SYDOR_TASK6\DEBUG\MAIN.OBJ
C:\Documents and Settings\User\My documents\Visual Studio 2010\Projects\Sydor_task6\Sydor_task6\Debug\mt.command.1.tlog
C:\Documents and Settings\User\My documents\Visual Studio 2010\Projects\Sydor_task6\Sydor_task6\Debug\mt.read.1.tlog
C:\Documents and Settings\User\My documents\Visual Studio 2010\Projects\Sydor_task6\Sydor_task6\Debug\mt.write.1.tlog
C:\Documents and Settings\User\My documents\Visual Studio 2010\Projects\Sydor_task6\Sydor_task6\Debug\rc.command.1.tlog
C:\Documents and Settings\User\My documents\Visual Studio 2010\Projects\Sydor_task6\Sydor_task6\Debug\rc.read.1.tlog
C:\Documents and Settings\User\My documents\Visual Studio 2010\Projects\Sydor_task6\Sydor_task6\Debug\rc.write.1.tlog
C:\DOCUMENTS AND SETTINGS\USER\MY DOCUMENTS\VISUAL STUDIO 2010\PROJECTS\SYDOR_TASK6\SYDOR_TASK6\DEBUG\SYDOR_TASK6.EXE.EMBED.MANIFEST
C:\DOCUMENTS AND SETTINGS\USER\MY DOCUMENTS\VISUAL STUDIO 2010\PROJECTS\SYDOR_TASK6\SYDOR_TASK6\DEBUG\SYDOR_TASK6.EXE.EMBED.MANIFEST.RES
C:\DOCUMENTS AND SETTINGS\USER\MY DOCUMENTS\VISUAL STUDIO 2010\PROJECTS\SYDOR_TASK6\SYDOR_TASK6\DEBUG\SYDOR_TASK6.EXE.INTERMEDIATE.MANIFEST
C:\Documents and Settings\User\My documents\Visual Studio 2010\Projects\Sydor_task6\Sydor_task6\Debug\Sydor_task6_manifest.rc
C:\Documents and Settings\User\My documents\Visual Studio 2010\Projects\Sydor_task6\Sydor_task6\Debug\vc100.idb
C:\DOCUMENTS AND SETTINGS\USER\MY DOCUMENTS\VISUAL STUDIO 2010\PROJECTS\SYDOR_TASK6\SYDOR_TASK6\DEBUG\VC100.PDB
