C:\Documents and Settings\User\My documents\Visual Studio 2010\Projects\Sydor_Task7\Sydor_task7\Debug\cl.command.1.tlog
C:\Documents and Settings\User\My documents\Visual Studio 2010\Projects\Sydor_Task7\Sydor_task7\Debug\CL.read.1.tlog
C:\Documents and Settings\User\My documents\Visual Studio 2010\Projects\Sydor_Task7\Sydor_task7\Debug\CL.write.1.tlog
C:\Documents and Settings\User\My documents\Visual Studio 2010\Projects\Sydor_Task7\Sydor_task7\Debug\link.2796.read.1.tlog
C:\Documents and Settings\User\My documents\Visual Studio 2010\Projects\Sydor_Task7\Sydor_task7\Debug\link.2796.write.1.tlog
C:\Documents and Settings\User\My documents\Visual Studio 2010\Projects\Sydor_Task7\Sydor_task7\Debug\link.2796-cvtres.read.1.tlog
C:\Documents and Settings\User\My documents\Visual Studio 2010\Projects\Sydor_Task7\Sydor_task7\Debug\link.2796-cvtres.write.1.tlog
C:\Documents and Settings\User\My documents\Visual Studio 2010\Projects\Sydor_Task7\Sydor_task7\Debug\link.command.1.tlog
C:\Documents and Settings\User\My documents\Visual Studio 2010\Projects\Sydor_Task7\Sydor_task7\Debug\link.read.1.tlog
C:\Documents and Settings\User\My documents\Visual Studio 2010\Projects\Sydor_Task7\Sydor_task7\Debug\link.write.1.tlog
C:\Documents and Settings\User\My documents\Visual Studio 2010\Projects\Sydor_Task7\Sydor_task7\Debug\link-cvtres.read.1.tlog
C:\Documents and Settings\User\My documents\Visual Studio 2010\Projects\Sydor_Task7\Sydor_task7\Debug\link-cvtres.write.1.tlog
C:\DOCUMENTS AND SETTINGS\USER\MY DOCUMENTS\VISUAL STUDIO 2010\PROJECTS\SYDOR_TASK7\SYDOR_TASK7\DEBUG\MAIN.OBJ
C:\Documents and Settings\User\My documents\Visual Studio 2010\Projects\Sydor_Task7\Sydor_task7\Debug\mt.command.1.tlog
C:\Documents and Settings\User\My documents\Visual Studio 2010\Projects\Sydor_Task7\Sydor_task7\Debug\mt.read.1.tlog
C:\Documents and Settings\User\My documents\Visual Studio 2010\Projects\Sydor_Task7\Sydor_task7\Debug\mt.write.1.tlog
C:\Documents and Settings\User\My documents\Visual Studio 2010\Projects\Sydor_Task7\Sydor_task7\Debug\rc.command.1.tlog
C:\Documents and Settings\User\My documents\Visual Studio 2010\Projects\Sydor_Task7\Sydor_task7\Debug\rc.read.1.tlog
C:\Documents and Settings\User\My documents\Visual Studio 2010\Projects\Sydor_Task7\Sydor_task7\Debug\rc.write.1.tlog
C:\DOCUMENTS AND SETTINGS\USER\MY DOCUMENTS\VISUAL STUDIO 2010\PROJECTS\SYDOR_TASK7\SYDOR_TASK7\DEBUG\SYDOR_TASK7.EXE
C:\DOCUMENTS AND SETTINGS\USER\MY DOCUMENTS\VISUAL STUDIO 2010\PROJECTS\SYDOR_TASK7\SYDOR_TASK7\DEBUG\SYDOR_TASK7.EXE.EMBED.MANIFEST
C:\DOCUMENTS AND SETTINGS\USER\MY DOCUMENTS\VISUAL STUDIO 2010\PROJECTS\SYDOR_TASK7\SYDOR_TASK7\DEBUG\SYDOR_TASK7.EXE.EMBED.MANIFEST.RES
C:\DOCUMENTS AND SETTINGS\USER\MY DOCUMENTS\VISUAL STUDIO 2010\PROJECTS\SYDOR_TASK7\SYDOR_TASK7\DEBUG\SYDOR_TASK7.EXE.INTERMEDIATE.MANIFEST
C:\DOCUMENTS AND SETTINGS\USER\MY DOCUMENTS\VISUAL STUDIO 2010\PROJECTS\SYDOR_TASK7\SYDOR_TASK7\DEBUG\SYDOR_TASK7.ILK
C:\DOCUMENTS AND SETTINGS\USER\MY DOCUMENTS\VISUAL STUDIO 2010\PROJECTS\SYDOR_TASK7\SYDOR_TASK7\DEBUG\SYDOR_TASK7.PDB
C:\Documents and Settings\User\My documents\Visual Studio 2010\Projects\Sydor_Task7\Sydor_task7\Debug\Sydor_task7_manifest.rc
C:\Documents and Settings\User\My documents\Visual Studio 2010\Projects\Sydor_Task7\Sydor_task7\Debug\vc100.idb
C:\DOCUMENTS AND SETTINGS\USER\MY DOCUMENTS\VISUAL STUDIO 2010\PROJECTS\SYDOR_TASK7\SYDOR_TASK7\DEBUG\VC100.PDB
